Arguments: 
  C:\Program Files\nodejs\node.exe C:\Program Files (x86)\Yarn\bin\yarn.js build

PATH: 
  C:\Windows\system32;C:\Windows;C:\Windows\System32\Wbem;C:\Windows\System32\WindowsPowerShell\v1.0\;C:\Windows\System32\OpenSSH\;C:\Program Files\Git\cmd;C:\Program Files\nodejs\;C:\Program Files (x86)\Yarn\bin\;C:\Program Files\Docker\Docker\resources\bin;C:\ProgramData\DockerDesktop\version-bin;C:\Users\USER\AppData\Local\Microsoft\WindowsApps;;C:\Users\USER\AppData\Local\Programs\Microsoft VS Code\bin;C:\Users\USER\AppData\Roaming\npm;C:\Users\USER\AppData\Local\Yarn\bin

Yarn version: 
  1.22.19

Node version: 
  16.15.0

Platform: 
  win32 x64

Trace: 
  Invariant Violation: Script must exist
      at invariant (C:\Program Files (x86)\Yarn\lib\cli.js:2318:15)
      at C:\Program Files (x86)\Yarn\lib\cli.js:61545:11
      at Generator.next (<anonymous>)
      at step (C:\Program Files (x86)\Yarn\lib\cli.js:310:30)
      at C:\Program Files (x86)\Yarn\lib\cli.js:328:14
      at new Promise (<anonymous>)
      at new F (C:\Program Files (x86)\Yarn\lib\cli.js:5305:28)
      at C:\Program Files (x86)\Yarn\lib\cli.js:307:12
      at realRunCommand (C:\Program Files (x86)\Yarn\lib\cli.js:61630:23)
      at action.action (C:\Program Files (x86)\Yarn\lib\cli.js:61691:16)

npm manifest: 
  {
    "name": "tailwind-rep",
    "version": "1.0.0",
    "licenses": [
      "RCA"
    ],
    "description": "Potifolo using tailwind",
    "main": "tailwind.config.js",
    "scripts": {
      "test": "echo \"Error: no test specified\" && exit 1",
      "build": ""
    },
    "repository": {
      "type": "git",
      "url": "git+https://github.com/Yassin-hagenimana/tailwind-rep.git"
    },
    "author": "Yassin-hagenimana <hyassin509@gmail.com>",
    "license": "ISC",
    "bugs": {
      "url": "https://github.com/Yassin-hagenimana/tailwind-rep/issues"
    },
    "homepage": "https://github.com/Yassin-hagenimana/tailwind-rep#readme",
    "devDependencies": {
      "tailwindcss": "^3.0.24"
    }
  }

yarn manifest: 
  No manifest

Lockfile: 
  No lockfile
